  main.cpp
C:\Users\mrodr\Documents\GitHub\PakkuPakku\Project1\Project1\main.cpp(82,23): warning C4244: 'initializing': conversion from '_Rep' to 'unsigned int', possible loss of data
          with
          [
              _Rep=__int64
          ]
main.obj : error LNK2019: unresolved external symbol "void __cdecl draw_text(bool,unsigned short,unsigned short,class std::basic_string<char,struct std::char_traits<char>,class std::allocator<char> > const &,class sf::RenderWindow &)" (?draw_text@@YAX_NGGAEBV?$basic_string@DU?$char_traits@D@std@@V?$allocator@D@2@@std@@AEAVRenderWindow@sf@@@Z) referenced in function main
main.obj : error LNK2019: unresolved external symbol "public: __cdecl Pacman::Pacman(void)" (??0Pacman@@QEAA@XZ) referenced in function main
main.obj : error LNK2019: unresolved external symbol "public: bool __cdecl Pacman::get_animation_over(void)" (?get_animation_over@Pacman@@QEAA_NXZ) referenced in function main
main.obj : error LNK2019: unresolved external symbol "public: bool __cdecl Pacman::get_dead(void)" (?get_dead@Pacman@@QEAA_NXZ) referenced in function main
main.obj : error LNK2019: unresolved external symbol "public: unsigned short __cdecl Pacman::get_energizer_timer(void)" (?get_energizer_timer@Pacman@@QEAAGXZ) referenced in function main
main.obj : error LNK2019: unresolved external symbol "public: void __cdecl Pacman::draw(bool,class sf::RenderWindow &)" (?draw@Pacman@@QEAAX_NAEAVRenderWindow@sf@@@Z) referenced in function main
main.obj : error LNK2019: unresolved external symbol "public: void __cdecl Pacman::reset(void)" (?reset@Pacman@@QEAAXXZ) referenced in function main
main.obj : error LNK2019: unresolved external symbol "public: void __cdecl Pacman::set_animation_timer(unsigned short)" (?set_animation_timer@Pacman@@QEAAXG@Z) referenced in function main
main.obj : error LNK2019: unresolved external symbol "public: void __cdecl Pacman::update(unsigned char,class std::array<class std::array<enum Cell,21>,21> &)" (?update@Pacman@@QEAAXEAEAV?$array@V?$array@W4Cell@@$0BF@@std@@$0BF@@std@@@Z) referenced in function main
main.obj : error LNK2019: unresolved external symbol "public: __cdecl GhostManager::GhostManager(void)" (??0GhostManager@@QEAA@XZ) referenced in function main
main.obj : error LNK2019: unresolved external symbol "public: void __cdecl GhostManager::draw(bool,class sf::RenderWindow &)" (?draw@GhostManager@@QEAAX_NAEAVRenderWindow@sf@@@Z) referenced in function main
main.obj : error LNK2019: unresolved external symbol "public: void __cdecl GhostManager::reset(unsigned char,class std::array<struct Position,4> const &)" (?reset@GhostManager@@QEAAXEAEBV?$array@UPosition@@$03@std@@@Z) referenced in function main
main.obj : error LNK2019: unresolved external symbol "public: void __cdecl GhostManager::update(unsigned char,class std::array<class std::array<enum Cell,21>,21> &,class Pacman &)" (?update@GhostManager@@QEAAXEAEAV?$array@V?$array@W4Cell@@$0BF@@std@@$0BF@@std@@AEAVPacman@@@Z) referenced in function main
main.obj : error LNK2019: unresolved external symbol "class std::array<class std::array<enum Cell,21>,21> __cdecl convert_sketch(class std::array<class std::basic_string<char,struct std::char_traits<char>,class std::allocator<char> >,21> const &,class std::array<struct Position,4> &,class Pacman &)" (?convert_sketch@@YA?AV?$array@V?$array@W4Cell@@$0BF@@std@@$0BF@@std@@AEBV?$array@V?$basic_string@DU?$char_traits@D@std@@V?$allocator@D@2@@std@@$0BF@@2@AEAV?$array@UPosition@@$03@2@AEAVPacman@@@Z) referenced in function main
main.obj : error LNK2019: unresolved external symbol "void __cdecl draw_map(class std::array<class std::array<enum Cell,21>,21> const &,class sf::RenderWindow &)" (?draw_map@@YAXAEBV?$array@V?$array@W4Cell@@$0BF@@std@@$0BF@@std@@AEAVRenderWindow@sf@@@Z) referenced in function main
C:\Users\mrodr\Documents\GitHub\PakkuPakku\ConsoleApplication1\x64\Debug\Project1.exe : fatal error LNK1120: 15 unresolved externals
